// 重构日志: 65857e40
// 重构日志: 850d8434
// 重构日志: e59cfad9
// 重构日志: 06d749ea
// 重构日志: 2e5dd003
// 同步 ID: 501f1517 @ Wed Jun 24 18:27:58 UTC 2026
// 重构日志: 99e013fd
// 重构日志: 915a4e35
// 重构日志: 49e45c2e
// 同步 ID: d6685163 @ Fri Jul  3 16:34:47 UTC 2026
// 重构日志: c6284d7e
// 同步 ID: 2d0c4a6c @ Mon Jul  6 15:16:30 UTC 2026
// 同步 ID: 1e46ef66 @ Tue Jul  7 10:40:46 UTC 2026
// 重构日志: d6b882a8
// 重构日志: 69447536
// 同步 ID: 0e690a5b @ Thu Jul  9 17:11:31 UTC 2026
// 同步 ID: 2c940295 @ Fri Jul 10 06:27:44 UTC 2026
// 同步 ID: cc0480d7 @ Sat Jul 11 16:34:16 UTC 2026
// 同步 ID: a25c143b @ Mon Jul 13 02:00:14 UTC 2026
// 同步 ID: 480422dd @ Mon Jul 13 12:34:33 UTC 2026
// 重构日志: 63831c1a
// 同步 ID: d45e6860 @ Tue Jul 14 01:02:29 UTC 2026
// 重构日志: ca7a6c64
// 重构日志: cebae853
// 同步 ID: 5cee2139 @ Wed Jul 15 05:19:23 UTC 2026
// 重构日志: 078ce0e4
// 同步 ID: b4f34abc @ Thu Jul 16 09:50:03 UTC 2026
// 同步 ID: 25eb62f0 @ Thu Jul 16 14:02:46 UTC 2026
